2025-11-12 13:41:26 INFO - Línea leída: 57
2025-11-12 13:41:26 DEBUG- n: 3
2025-11-12 13:41:26 DEBUG- m: 6
2025-11-12 13:41:26 INFO - resultado: 3
2025-11-12 13:42:27 INFO - Línea leída: 57
2025-11-12 13:42:27 DEBUG- n: 2
2025-11-12 13:42:27 DEBUG- m: 5
2025-11-12 13:42:27 INFO - resultado: 2
2025-11-12 13:42:33 INFO - Línea leída: 57
2025-11-12 13:42:33 DEBUG- n: 9
2025-11-12 13:42:33 DEBUG- m: 0
2025-11-12 13:42:33 WARN - Se devuelve -1
2025-11-12 13:42:33 INFO - Línea leída: 26
2025-11-12 13:42:57 INFO - Línea leída: 57
2025-11-12 13:42:57 DEBUG- n: 54
2025-11-12 13:42:57 DEBUG- m: 5
2025-11-12 13:42:57 INFO - resultado: 4
2025-11-12 13:43:00 INFO - Línea leída: 57
2025-11-12 13:43:00 DEBUG- n: 43
2025-11-12 13:43:00 DEBUG- m: 0
2025-11-12 13:43:00 WARN - Se devuelve -1
2025-11-12 13:43:00 INFO - Línea leída: 26
2025-11-12 13:43:22 INFO - Línea leída: 57
2025-11-12 13:43:22 ERROR- La línea leída no cumple el formato
